2025-05-22 14:35:46,721 - ttsKOKORO - INFO - Successfully imported TTS from coqui-tts package
2025-05-22 14:35:46,725 - ttsKOKORO - INFO - Starting ttsKOKORO Reader
2025-05-22 14:35:46,726 - ttsKOKORO - INFO - Initializing Coqui TTS...
2025-05-22 14:35:46,751 - TTS.utils.manage - INFO - 
2025-05-22 14:35:46,752 - TTS.utils.manage - INFO - Name format: type/language/dataset/model
2025-05-22 14:35:46,752 - TTS.utils.manage - INFO -   1: tts_models/multilingual/multi-dataset/xtts_v2
2025-05-22 14:35:46,753 - TTS.utils.manage - INFO -   2: tts_models/multilingual/multi-dataset/xtts_v1.1
2025-05-22 14:35:46,753 - TTS.utils.manage - INFO -   3: tts_models/multilingual/multi-dataset/your_tts
2025-05-22 14:35:46,753 - TTS.utils.manage - INFO -   4: tts_models/multilingual/multi-dataset/bark
2025-05-22 14:35:46,753 - TTS.utils.manage - INFO -   5: tts_models/bg/cv/vits
2025-05-22 14:35:46,753 - TTS.utils.manage - INFO -   6: tts_models/cs/cv/vits
2025-05-22 14:35:46,753 - TTS.utils.manage - INFO -   7: tts_models/da/cv/vits
2025-05-22 14:35:46,755 - TTS.utils.manage - INFO -   8: tts_models/et/cv/vits
2025-05-22 14:35:46,755 - TTS.utils.manage - INFO -   9: tts_models/ga/cv/vits
2025-05-22 14:35:46,755 - TTS.utils.manage - INFO -  10: tts_models/en/ek1/tacotron2
2025-05-22 14:35:46,755 - TTS.utils.manage - INFO -  11: tts_models/en/ljspeech/tacotron2-DDC
2025-05-22 14:35:46,756 - TTS.utils.manage - INFO -  12: tts_models/en/ljspeech/tacotron2-DDC_ph
2025-05-22 14:35:46,756 - TTS.utils.manage - INFO -  13: tts_models/en/ljspeech/glow-tts
2025-05-22 14:35:46,756 - TTS.utils.manage - INFO -  14: tts_models/en/ljspeech/speedy-speech
2025-05-22 14:35:46,757 - TTS.utils.manage - INFO -  15: tts_models/en/ljspeech/tacotron2-DCA
2025-05-22 14:35:46,757 - TTS.utils.manage - INFO -  16: tts_models/en/ljspeech/vits
2025-05-22 14:35:46,758 - TTS.utils.manage - INFO -  17: tts_models/en/ljspeech/vits--neon
2025-05-22 14:35:46,758 - TTS.utils.manage - INFO -  18: tts_models/en/ljspeech/fast_pitch
2025-05-22 14:35:46,758 - TTS.utils.manage - INFO -  19: tts_models/en/ljspeech/overflow
2025-05-22 14:35:46,758 - TTS.utils.manage - INFO -  20: tts_models/en/ljspeech/neural_hmm
2025-05-22 14:35:46,759 - TTS.utils.manage - INFO -  21: tts_models/en/vctk/vits
2025-05-22 14:35:46,760 - TTS.utils.manage - INFO -  22: tts_models/en/vctk/fast_pitch
2025-05-22 14:35:46,761 - TTS.utils.manage - INFO -  23: tts_models/en/sam/tacotron-DDC
2025-05-22 14:35:46,761 - TTS.utils.manage - INFO -  24: tts_models/en/blizzard2013/capacitron-t2-c50
2025-05-22 14:35:46,762 - TTS.utils.manage - INFO -  25: tts_models/en/blizzard2013/capacitron-t2-c150_v2
2025-05-22 14:35:46,762 - TTS.utils.manage - INFO -  26: tts_models/en/multi-dataset/tortoise-v2
2025-05-22 14:35:46,762 - TTS.utils.manage - INFO -  27: tts_models/en/jenny/jenny
2025-05-22 14:35:46,763 - TTS.utils.manage - INFO -  28: tts_models/es/mai/tacotron2-DDC
2025-05-22 14:35:46,763 - TTS.utils.manage - INFO -  29: tts_models/es/css10/vits
2025-05-22 14:35:46,763 - TTS.utils.manage - INFO -  30: tts_models/fr/mai/tacotron2-DDC
2025-05-22 14:35:46,764 - TTS.utils.manage - INFO -  31: tts_models/fr/css10/vits
2025-05-22 14:35:46,764 - TTS.utils.manage - INFO -  32: tts_models/uk/mai/glow-tts
2025-05-22 14:35:46,764 - TTS.utils.manage - INFO -  33: tts_models/uk/mai/vits
2025-05-22 14:35:46,765 - TTS.utils.manage - INFO -  34: tts_models/zh-CN/baker/tacotron2-DDC-GST
2025-05-22 14:35:46,765 - TTS.utils.manage - INFO -  35: tts_models/nl/mai/tacotron2-DDC
2025-05-22 14:35:46,766 - TTS.utils.manage - INFO -  36: tts_models/nl/css10/vits
2025-05-22 14:35:46,766 - TTS.utils.manage - INFO -  37: tts_models/de/thorsten/tacotron2-DCA
2025-05-22 14:35:46,766 - TTS.utils.manage - INFO -  38: tts_models/de/thorsten/vits
2025-05-22 14:35:46,767 - TTS.utils.manage - INFO -  39: tts_models/de/thorsten/tacotron2-DDC
2025-05-22 14:35:46,767 - TTS.utils.manage - INFO -  40: tts_models/de/css10/vits-neon
2025-05-22 14:35:46,767 - TTS.utils.manage - INFO -  41: tts_models/ja/kokoro/tacotron2-DDC
2025-05-22 14:35:46,768 - TTS.utils.manage - INFO -  42: tts_models/tr/common-voice/glow-tts
2025-05-22 14:35:46,768 - TTS.utils.manage - INFO -  43: tts_models/it/mai_female/glow-tts
2025-05-22 14:35:46,769 - TTS.utils.manage - INFO -  44: tts_models/it/mai_female/vits
2025-05-22 14:35:46,770 - TTS.utils.manage - INFO -  45: tts_models/it/mai_male/glow-tts
2025-05-22 14:35:46,770 - TTS.utils.manage - INFO -  46: tts_models/it/mai_male/vits
2025-05-22 14:35:46,771 - TTS.utils.manage - INFO -  47: tts_models/ewe/openbible/vits
2025-05-22 14:35:46,771 - TTS.utils.manage - INFO -  48: tts_models/hau/openbible/vits
2025-05-22 14:35:46,771 - TTS.utils.manage - INFO -  49: tts_models/lin/openbible/vits
2025-05-22 14:35:46,772 - TTS.utils.manage - INFO -  50: tts_models/tw_akuapem/openbible/vits
2025-05-22 14:35:46,772 - TTS.utils.manage - INFO -  51: tts_models/tw_asante/openbible/vits
2025-05-22 14:35:46,773 - TTS.utils.manage - INFO -  52: tts_models/yor/openbible/vits
2025-05-22 14:35:46,773 - TTS.utils.manage - INFO -  53: tts_models/hu/css10/vits
2025-05-22 14:35:46,773 - TTS.utils.manage - INFO -  54: tts_models/el/cv/vits
2025-05-22 14:35:46,773 - TTS.utils.manage - INFO -  55: tts_models/fi/css10/vits
2025-05-22 14:35:46,773 - TTS.utils.manage - INFO -  56: tts_models/hr/cv/vits
2025-05-22 14:35:46,774 - TTS.utils.manage - INFO -  57: tts_models/lt/cv/vits
2025-05-22 14:35:46,774 - TTS.utils.manage - INFO -  58: tts_models/lv/cv/vits
2025-05-22 14:35:46,774 - TTS.utils.manage - INFO -  59: tts_models/mt/cv/vits
2025-05-22 14:35:46,775 - TTS.utils.manage - INFO -  60: tts_models/pl/mai_female/vits
2025-05-22 14:35:46,775 - TTS.utils.manage - INFO -  61: tts_models/pt/cv/vits
2025-05-22 14:35:46,775 - TTS.utils.manage - INFO -  62: tts_models/ro/cv/vits
2025-05-22 14:35:46,776 - TTS.utils.manage - INFO -  63: tts_models/sk/cv/vits
2025-05-22 14:35:46,776 - TTS.utils.manage - INFO -  64: tts_models/sl/cv/vits
2025-05-22 14:35:46,776 - TTS.utils.manage - INFO -  65: tts_models/sv/cv/vits
2025-05-22 14:35:46,776 - TTS.utils.manage - INFO -  66: tts_models/ca/custom/vits
2025-05-22 14:35:46,776 - TTS.utils.manage - INFO -  67: tts_models/fa/custom/glow-tts
2025-05-22 14:35:46,776 - TTS.utils.manage - INFO -  68: tts_models/fa/custom/vits-female
2025-05-22 14:35:46,777 - TTS.utils.manage - INFO -  69: tts_models/bn/custom/vits-male
2025-05-22 14:35:46,777 - TTS.utils.manage - INFO -  70: tts_models/bn/custom/vits-female
2025-05-22 14:35:46,777 - TTS.utils.manage - INFO -  71: tts_models/be/common-voice/glow-tts
2025-05-22 14:35:46,777 - TTS.utils.manage - INFO - 
2025-05-22 14:35:46,778 - TTS.utils.manage - INFO - Name format: type/language/dataset/model
2025-05-22 14:35:46,778 - TTS.utils.manage - INFO -   1: vocoder_models/universal/libri-tts/wavegrad
2025-05-22 14:35:46,778 - TTS.utils.manage - INFO -   2: vocoder_models/universal/libri-tts/fullband-melgan
2025-05-22 14:35:46,778 - TTS.utils.manage - INFO -   3: vocoder_models/en/ek1/wavegrad
2025-05-22 14:35:46,779 - TTS.utils.manage - INFO -   4: vocoder_models/en/librispeech100/wavlm-hifigan
2025-05-22 14:35:46,779 - TTS.utils.manage - INFO -   5: vocoder_models/en/librispeech100/wavlm-hifigan_prematched
2025-05-22 14:35:46,779 - TTS.utils.manage - INFO -   6: vocoder_models/en/ljspeech/multiband-melgan
2025-05-22 14:35:46,780 - TTS.utils.manage - INFO -   7: vocoder_models/en/ljspeech/hifigan_v2
2025-05-22 14:35:46,781 - TTS.utils.manage - INFO -   8: vocoder_models/en/ljspeech/univnet
2025-05-22 14:35:46,781 - TTS.utils.manage - INFO -   9: vocoder_models/en/blizzard2013/hifigan_v2
2025-05-22 14:35:46,781 - TTS.utils.manage - INFO -  10: vocoder_models/en/vctk/hifigan_v2
2025-05-22 14:35:46,781 - TTS.utils.manage - INFO -  11: vocoder_models/en/sam/hifigan_v2
2025-05-22 14:35:46,781 - TTS.utils.manage - INFO -  12: vocoder_models/nl/mai/parallel-wavegan
2025-05-22 14:35:46,782 - TTS.utils.manage - INFO -  13: vocoder_models/de/thorsten/wavegrad
2025-05-22 14:35:46,782 - TTS.utils.manage - INFO -  14: vocoder_models/de/thorsten/fullband-melgan
2025-05-22 14:35:46,782 - TTS.utils.manage - INFO -  15: vocoder_models/de/thorsten/hifigan_v1
2025-05-22 14:35:46,782 - TTS.utils.manage - INFO -  16: vocoder_models/ja/kokoro/hifigan_v1
2025-05-22 14:35:46,782 - TTS.utils.manage - INFO -  17: vocoder_models/uk/mai/multiband-melgan
2025-05-22 14:35:46,782 - TTS.utils.manage - INFO -  18: vocoder_models/tr/common-voice/hifigan
2025-05-22 14:35:46,783 - TTS.utils.manage - INFO -  19: vocoder_models/be/common-voice/hifigan
2025-05-22 14:35:46,783 - TTS.utils.manage - INFO - 
2025-05-22 14:35:46,783 - TTS.utils.manage - INFO - Name format: type/language/dataset/model
2025-05-22 14:35:46,784 - TTS.utils.manage - INFO -   1: voice_conversion_models/multilingual/vctk/freevc24
2025-05-22 14:35:46,784 - TTS.utils.manage - INFO -   2: voice_conversion_models/multilingual/multi-dataset/knnvc
2025-05-22 14:35:46,784 - TTS.utils.manage - INFO -   3: voice_conversion_models/multilingual/multi-dataset/openvoice_v1
2025-05-22 14:35:46,784 - TTS.utils.manage - INFO -   4: voice_conversion_models/multilingual/multi-dataset/openvoice_v2
2025-05-22 14:35:46,784 - TTS.utils.manage - INFO - 
2025-05-22 14:35:46,785 - TTS.utils.manage - INFO - Path to downloaded models: C:\Users\Mustafa\AppData\Local\tts
2025-05-22 14:35:46,785 - ttsKOKORO - INFO - Found 7 available Coqui TTS models
2025-05-22 14:35:46,786 - ttsKOKORO - INFO - Cleaned up 0 old audio files
2025-05-22 14:35:46,871 - werkzeug - INFO - [31m[1mWARNING: This is a development server. Do not use it in a production deployment. Use a production WSGI server instead.[0m
 * Running on all addresses (0.0.0.0)
 * Running on http://127.0.0.1:5000
 * Running on http://192.168.1.6:5000
2025-05-22 14:35:46,872 - werkzeug - INFO - [33mPress CTRL+C to quit[0m
2025-05-22 14:35:46,873 - werkzeug - INFO -  * Restarting with stat
2025-05-22 14:35:56,364 - ttsKOKORO - INFO - Successfully imported TTS from coqui-tts package
2025-05-22 14:35:56,367 - ttsKOKORO - INFO - Starting ttsKOKORO Reader
2025-05-22 14:35:56,367 - ttsKOKORO - INFO - Initializing Coqui TTS...
2025-05-22 14:35:56,374 - TTS.utils.manage - INFO - 
2025-05-22 14:35:56,374 - TTS.utils.manage - INFO - Name format: type/language/dataset/model
2025-05-22 14:35:56,375 - TTS.utils.manage - INFO -   1: tts_models/multilingual/multi-dataset/xtts_v2
2025-05-22 14:35:56,375 - TTS.utils.manage - INFO -   2: tts_models/multilingual/multi-dataset/xtts_v1.1
2025-05-22 14:35:56,375 - TTS.utils.manage - INFO -   3: tts_models/multilingual/multi-dataset/your_tts
2025-05-22 14:35:56,375 - TTS.utils.manage - INFO -   4: tts_models/multilingual/multi-dataset/bark
2025-05-22 14:35:56,376 - TTS.utils.manage - INFO -   5: tts_models/bg/cv/vits
2025-05-22 14:35:56,376 - TTS.utils.manage - INFO -   6: tts_models/cs/cv/vits
2025-05-22 14:35:56,376 - TTS.utils.manage - INFO -   7: tts_models/da/cv/vits
2025-05-22 14:35:56,376 - TTS.utils.manage - INFO -   8: tts_models/et/cv/vits
2025-05-22 14:35:56,376 - TTS.utils.manage - INFO -   9: tts_models/ga/cv/vits
2025-05-22 14:35:56,376 - TTS.utils.manage - INFO -  10: tts_models/en/ek1/tacotron2
2025-05-22 14:35:56,376 - TTS.utils.manage - INFO -  11: tts_models/en/ljspeech/tacotron2-DDC
2025-05-22 14:35:56,376 - TTS.utils.manage - INFO -  12: tts_models/en/ljspeech/tacotron2-DDC_ph
2025-05-22 14:35:56,377 - TTS.utils.manage - INFO -  13: tts_models/en/ljspeech/glow-tts
2025-05-22 14:35:56,377 - TTS.utils.manage - INFO -  14: tts_models/en/ljspeech/speedy-speech
2025-05-22 14:35:56,377 - TTS.utils.manage - INFO -  15: tts_models/en/ljspeech/tacotron2-DCA
2025-05-22 14:35:56,377 - TTS.utils.manage - INFO -  16: tts_models/en/ljspeech/vits
2025-05-22 14:35:56,377 - TTS.utils.manage - INFO -  17: tts_models/en/ljspeech/vits--neon
2025-05-22 14:35:56,377 - TTS.utils.manage - INFO -  18: tts_models/en/ljspeech/fast_pitch
2025-05-22 14:35:56,377 - TTS.utils.manage - INFO -  19: tts_models/en/ljspeech/overflow
2025-05-22 14:35:56,377 - TTS.utils.manage - INFO -  20: tts_models/en/ljspeech/neural_hmm
2025-05-22 14:35:56,377 - TTS.utils.manage - INFO -  21: tts_models/en/vctk/vits
2025-05-22 14:35:56,377 - TTS.utils.manage - INFO -  22: tts_models/en/vctk/fast_pitch
2025-05-22 14:35:56,379 - TTS.utils.manage - INFO -  23: tts_models/en/sam/tacotron-DDC
2025-05-22 14:35:56,379 - TTS.utils.manage - INFO -  24: tts_models/en/blizzard2013/capacitron-t2-c50
2025-05-22 14:35:56,380 - TTS.utils.manage - INFO -  25: tts_models/en/blizzard2013/capacitron-t2-c150_v2
2025-05-22 14:35:56,380 - TTS.utils.manage - INFO -  26: tts_models/en/multi-dataset/tortoise-v2
2025-05-22 14:35:56,380 - TTS.utils.manage - INFO -  27: tts_models/en/jenny/jenny
2025-05-22 14:35:56,380 - TTS.utils.manage - INFO -  28: tts_models/es/mai/tacotron2-DDC
2025-05-22 14:35:56,381 - TTS.utils.manage - INFO -  29: tts_models/es/css10/vits
2025-05-22 14:35:56,381 - TTS.utils.manage - INFO -  30: tts_models/fr/mai/tacotron2-DDC
2025-05-22 14:35:56,381 - TTS.utils.manage - INFO -  31: tts_models/fr/css10/vits
2025-05-22 14:35:56,381 - TTS.utils.manage - INFO -  32: tts_models/uk/mai/glow-tts
2025-05-22 14:35:56,382 - TTS.utils.manage - INFO -  33: tts_models/uk/mai/vits
2025-05-22 14:35:56,382 - TTS.utils.manage - INFO -  34: tts_models/zh-CN/baker/tacotron2-DDC-GST
2025-05-22 14:35:56,382 - TTS.utils.manage - INFO -  35: tts_models/nl/mai/tacotron2-DDC
2025-05-22 14:35:56,382 - TTS.utils.manage - INFO -  36: tts_models/nl/css10/vits
2025-05-22 14:35:56,382 - TTS.utils.manage - INFO -  37: tts_models/de/thorsten/tacotron2-DCA
2025-05-22 14:35:56,383 - TTS.utils.manage - INFO -  38: tts_models/de/thorsten/vits
2025-05-22 14:35:56,383 - TTS.utils.manage - INFO -  39: tts_models/de/thorsten/tacotron2-DDC
2025-05-22 14:35:56,383 - TTS.utils.manage - INFO -  40: tts_models/de/css10/vits-neon
2025-05-22 14:35:56,383 - TTS.utils.manage - INFO -  41: tts_models/ja/kokoro/tacotron2-DDC
2025-05-22 14:35:56,383 - TTS.utils.manage - INFO -  42: tts_models/tr/common-voice/glow-tts
2025-05-22 14:35:56,383 - TTS.utils.manage - INFO -  43: tts_models/it/mai_female/glow-tts
2025-05-22 14:35:56,383 - TTS.utils.manage - INFO -  44: tts_models/it/mai_female/vits
2025-05-22 14:35:56,384 - TTS.utils.manage - INFO -  45: tts_models/it/mai_male/glow-tts
2025-05-22 14:35:56,384 - TTS.utils.manage - INFO -  46: tts_models/it/mai_male/vits
2025-05-22 14:35:56,384 - TTS.utils.manage - INFO -  47: tts_models/ewe/openbible/vits
2025-05-22 14:35:56,384 - TTS.utils.manage - INFO -  48: tts_models/hau/openbible/vits
2025-05-22 14:35:56,384 - TTS.utils.manage - INFO -  49: tts_models/lin/openbible/vits
2025-05-22 14:35:56,385 - TTS.utils.manage - INFO -  50: tts_models/tw_akuapem/openbible/vits
2025-05-22 14:35:56,385 - TTS.utils.manage - INFO -  51: tts_models/tw_asante/openbible/vits
2025-05-22 14:35:56,385 - TTS.utils.manage - INFO -  52: tts_models/yor/openbible/vits
2025-05-22 14:35:56,385 - TTS.utils.manage - INFO -  53: tts_models/hu/css10/vits
2025-05-22 14:35:56,385 - TTS.utils.manage - INFO -  54: tts_models/el/cv/vits
2025-05-22 14:35:56,386 - TTS.utils.manage - INFO -  55: tts_models/fi/css10/vits
2025-05-22 14:35:56,386 - TTS.utils.manage - INFO -  56: tts_models/hr/cv/vits
2025-05-22 14:35:56,387 - TTS.utils.manage - INFO -  57: tts_models/lt/cv/vits
2025-05-22 14:35:56,387 - TTS.utils.manage - INFO -  58: tts_models/lv/cv/vits
2025-05-22 14:35:56,387 - TTS.utils.manage - INFO -  59: tts_models/mt/cv/vits
2025-05-22 14:35:56,387 - TTS.utils.manage - INFO -  60: tts_models/pl/mai_female/vits
2025-05-22 14:35:56,388 - TTS.utils.manage - INFO -  61: tts_models/pt/cv/vits
2025-05-22 14:35:56,388 - TTS.utils.manage - INFO -  62: tts_models/ro/cv/vits
2025-05-22 14:35:56,388 - TTS.utils.manage - INFO -  63: tts_models/sk/cv/vits
2025-05-22 14:35:56,388 - TTS.utils.manage - INFO -  64: tts_models/sl/cv/vits
2025-05-22 14:35:56,389 - TTS.utils.manage - INFO -  65: tts_models/sv/cv/vits
2025-05-22 14:35:56,389 - TTS.utils.manage - INFO -  66: tts_models/ca/custom/vits
2025-05-22 14:35:56,389 - TTS.utils.manage - INFO -  67: tts_models/fa/custom/glow-tts
2025-05-22 14:35:56,389 - TTS.utils.manage - INFO -  68: tts_models/fa/custom/vits-female
2025-05-22 14:35:56,389 - TTS.utils.manage - INFO -  69: tts_models/bn/custom/vits-male
2025-05-22 14:35:56,389 - TTS.utils.manage - INFO -  70: tts_models/bn/custom/vits-female
2025-05-22 14:35:56,390 - TTS.utils.manage - INFO -  71: tts_models/be/common-voice/glow-tts
2025-05-22 14:35:56,390 - TTS.utils.manage - INFO - 
2025-05-22 14:35:56,390 - TTS.utils.manage - INFO - Name format: type/language/dataset/model
2025-05-22 14:35:56,390 - TTS.utils.manage - INFO -   1: vocoder_models/universal/libri-tts/wavegrad
2025-05-22 14:35:56,390 - TTS.utils.manage - INFO -   2: vocoder_models/universal/libri-tts/fullband-melgan
2025-05-22 14:35:56,391 - TTS.utils.manage - INFO -   3: vocoder_models/en/ek1/wavegrad
2025-05-22 14:35:56,391 - TTS.utils.manage - INFO -   4: vocoder_models/en/librispeech100/wavlm-hifigan
2025-05-22 14:35:56,391 - TTS.utils.manage - INFO -   5: vocoder_models/en/librispeech100/wavlm-hifigan_prematched
2025-05-22 14:35:56,391 - TTS.utils.manage - INFO -   6: vocoder_models/en/ljspeech/multiband-melgan
2025-05-22 14:35:56,391 - TTS.utils.manage - INFO -   7: vocoder_models/en/ljspeech/hifigan_v2
2025-05-22 14:35:56,391 - TTS.utils.manage - INFO -   8: vocoder_models/en/ljspeech/univnet
2025-05-22 14:35:56,391 - TTS.utils.manage - INFO -   9: vocoder_models/en/blizzard2013/hifigan_v2
2025-05-22 14:35:56,391 - TTS.utils.manage - INFO -  10: vocoder_models/en/vctk/hifigan_v2
2025-05-22 14:35:56,392 - TTS.utils.manage - INFO -  11: vocoder_models/en/sam/hifigan_v2
2025-05-22 14:35:56,392 - TTS.utils.manage - INFO -  12: vocoder_models/nl/mai/parallel-wavegan
2025-05-22 14:35:56,392 - TTS.utils.manage - INFO -  13: vocoder_models/de/thorsten/wavegrad
2025-05-22 14:35:56,392 - TTS.utils.manage - INFO -  14: vocoder_models/de/thorsten/fullband-melgan
2025-05-22 14:35:56,393 - TTS.utils.manage - INFO -  15: vocoder_models/de/thorsten/hifigan_v1
2025-05-22 14:35:56,393 - TTS.utils.manage - INFO -  16: vocoder_models/ja/kokoro/hifigan_v1
2025-05-22 14:35:56,393 - TTS.utils.manage - INFO -  17: vocoder_models/uk/mai/multiband-melgan
2025-05-22 14:35:56,393 - TTS.utils.manage - INFO -  18: vocoder_models/tr/common-voice/hifigan
2025-05-22 14:35:56,393 - TTS.utils.manage - INFO -  19: vocoder_models/be/common-voice/hifigan
2025-05-22 14:35:56,394 - TTS.utils.manage - INFO - 
2025-05-22 14:35:56,394 - TTS.utils.manage - INFO - Name format: type/language/dataset/model
2025-05-22 14:35:56,394 - TTS.utils.manage - INFO -   1: voice_conversion_models/multilingual/vctk/freevc24
2025-05-22 14:35:56,394 - TTS.utils.manage - INFO -   2: voice_conversion_models/multilingual/multi-dataset/knnvc
2025-05-22 14:35:56,394 - TTS.utils.manage - INFO -   3: voice_conversion_models/multilingual/multi-dataset/openvoice_v1
2025-05-22 14:35:56,394 - TTS.utils.manage - INFO -   4: voice_conversion_models/multilingual/multi-dataset/openvoice_v2
2025-05-22 14:35:56,394 - TTS.utils.manage - INFO - 
2025-05-22 14:35:56,394 - TTS.utils.manage - INFO - Path to downloaded models: C:\Users\Mustafa\AppData\Local\tts
2025-05-22 14:35:56,395 - ttsKOKORO - INFO - Found 7 available Coqui TTS models
2025-05-22 14:35:56,395 - ttsKOKORO - INFO - Cleaned up 0 old audio files
2025-05-22 14:35:56,402 - werkzeug - WARNING -  * Debugger is active!
2025-05-22 14:35:56,404 - werkzeug - INFO -  * Debugger PIN: 730-739-715
2025-05-22 14:36:01,353 - werkzeug - INFO - 127.0.0.1 - - [22/May/2025 14:36:01] "GET / HTTP/1.1" 200 -
2025-05-22 14:36:01,540 - werkzeug - INFO - 127.0.0.1 - - [22/May/2025 14:36:01] "[33mGET /.well-known/appspecific/com.chrome.devtools.json HTTP/1.1[0m" 404 -
2025-05-22 14:36:19,557 - ttsKOKORO - INFO - Setting up with voice: coqui:tts_models/multilingual/multi-dataset/xtts_v2, speed: 1.0
2025-05-22 14:36:42,491 - TTS.utils.manage - INFO - Downloading model to C:\Users\Mustafa\AppData\Local\tts\tts_models--multilingual--multi-dataset--xtts_v2
2025-05-22 14:45:36,865 - TTS.utils.manage - INFO - Model's license - CPML
2025-05-22 14:45:36,871 - TTS.utils.manage - INFO - Check https://coqui.ai/cpml.txt for more info.
2025-05-22 14:45:36,965 - TTS.tts.models - INFO - Using model: xtts
2025-05-22 14:47:38,616 - ttsKOKORO - ERROR - Error generating speech with Coqui TTS: Model is multi-speaker but no `speaker` is provided.
Traceback (most recent call last):
  File "c:\Users\Mustafa\Desktop\The test area\TTS2\ttsKOKORO.py", line 618, in generate_speech_coqui
    tts.tts_to_file(
  File "C:\Users\Mustafa\Desktop\The test area\TTS2\.venv\lib\site-packages\TTS\api.py", line 372, in tts_to_file
    self._check_arguments(speaker=speaker, language=language, speaker_wav=speaker_wav, **kwargs)
  File "C:\Users\Mustafa\Desktop\The test area\TTS2\.venv\lib\site-packages\TTS\api.py", line 280, in _check_arguments
    raise ValueError("Model is multi-speaker but no `speaker` is provided.")
ValueError: Model is multi-speaker but no `speaker` is provided.
2025-05-22 14:47:38,985 - werkzeug - INFO - 127.0.0.1 - - [22/May/2025 14:47:38] "POST /setup HTTP/1.1" 200 -
2025-05-22 14:48:07,038 - ttsKOKORO - INFO - Cleaned up 0 old audio files
2025-05-22 14:48:07,039 - werkzeug - INFO - 127.0.0.1 - - [22/May/2025 14:48:07] "POST /cleanup HTTP/1.1" 200 -
2025-05-22 14:49:06,651 - ttsKOKORO - INFO - Cleaned up 0 old audio files
2025-05-22 14:49:06,653 - werkzeug - INFO - 127.0.0.1 - - [22/May/2025 14:49:06] "POST /cleanup HTTP/1.1" 200 -
2025-05-22 14:50:06,652 - ttsKOKORO - INFO - Cleaned up 0 old audio files
2025-05-22 14:50:06,654 - werkzeug - INFO - 127.0.0.1 - - [22/May/2025 14:50:06] "POST /cleanup HTTP/1.1" 200 -
2025-05-22 14:51:06,651 - ttsKOKORO - INFO - Cleaned up 0 old audio files
2025-05-22 14:51:06,652 - werkzeug - INFO - 127.0.0.1 - - [22/May/2025 14:51:06] "POST /cleanup HTTP/1.1" 200 -
2025-05-22 14:52:02,728 - ttsKOKORO - INFO - Cleaned up 0 old audio files
2025-05-22 14:52:02,730 - werkzeug - INFO - 127.0.0.1 - - [22/May/2025 14:52:02] "POST /cleanup HTTP/1.1" 200 -
2025-05-22 14:52:19,408 - ttsKOKORO - INFO - Generating professional speech with type=general, engine=coqui
2025-05-22 14:52:19,536 - TTS.utils.manage - INFO - tts_models/multilingual/multi-dataset/xtts_v2 is already downloaded.
2025-05-22 14:52:21,291 - TTS.tts.models - INFO - Using model: xtts
2025-05-22 14:53:05,605 - ttsKOKORO - INFO - Cleaned up 0 old audio files
2025-05-22 14:53:05,769 - werkzeug - INFO - 127.0.0.1 - - [22/May/2025 14:53:05] "POST /cleanup HTTP/1.1" 200 -
2025-05-22 14:53:38,260 - ttsKOKORO - ERROR - Error generating speech with Coqui TTS: Model is multi-speaker but no `speaker` is provided.
Traceback (most recent call last):
  File "c:\Users\Mustafa\Desktop\The test area\TTS2\ttsKOKORO.py", line 618, in generate_speech_coqui
    tts.tts_to_file(
  File "C:\Users\Mustafa\Desktop\The test area\TTS2\.venv\lib\site-packages\TTS\api.py", line 372, in tts_to_file
    self._check_arguments(speaker=speaker, language=language, speaker_wav=speaker_wav, **kwargs)
  File "C:\Users\Mustafa\Desktop\The test area\TTS2\.venv\lib\site-packages\TTS\api.py", line 280, in _check_arguments
    raise ValueError("Model is multi-speaker but no `speaker` is provided.")
ValueError: Model is multi-speaker but no `speaker` is provided.
2025-05-22 14:53:38,788 - werkzeug - INFO - 127.0.0.1 - - [22/May/2025 14:53:38] "POST /generate_professional_speech HTTP/1.1" 200 -
2025-05-22 14:54:02,946 - ttsKOKORO - INFO - Cleaned up 0 old audio files
2025-05-22 14:54:02,948 - werkzeug - INFO - 127.0.0.1 - - [22/May/2025 14:54:02] "POST /cleanup HTTP/1.1" 200 -
2025-05-22 14:55:02,660 - ttsKOKORO - INFO - Cleaned up 0 old audio files
2025-05-22 14:55:02,662 - werkzeug - INFO - 127.0.0.1 - - [22/May/2025 14:55:02] "POST /cleanup HTTP/1.1" 200 -
2025-05-22 14:55:30,243 - werkzeug - INFO - 127.0.0.1 - - [22/May/2025 14:55:30] "GET / HTTP/1.1" 200 -
2025-05-22 14:55:30,432 - werkzeug - INFO - 127.0.0.1 - - [22/May/2025 14:55:30] "[33mGET /.well-known/appspecific/com.chrome.devtools.json HTTP/1.1[0m" 404 -
2025-05-22 14:55:36,376 - ttsKOKORO - INFO - Setting up with voice: coqui:tts_models/multilingual/multi-dataset/xtts_v2, speed: 1.0
2025-05-22 14:55:36,427 - TTS.utils.manage - INFO - tts_models/multilingual/multi-dataset/xtts_v2 is already downloaded.
2025-05-22 14:55:36,894 - TTS.tts.models - INFO - Using model: xtts
2025-05-22 14:57:31,851 - ttsKOKORO - ERROR - Error generating speech with Coqui TTS: Model is multi-speaker but no `speaker` is provided.
Traceback (most recent call last):
  File "c:\Users\Mustafa\Desktop\The test area\TTS2\ttsKOKORO.py", line 618, in generate_speech_coqui
    tts.tts_to_file(
  File "C:\Users\Mustafa\Desktop\The test area\TTS2\.venv\lib\site-packages\TTS\api.py", line 372, in tts_to_file
    self._check_arguments(speaker=speaker, language=language, speaker_wav=speaker_wav, **kwargs)
  File "C:\Users\Mustafa\Desktop\The test area\TTS2\.venv\lib\site-packages\TTS\api.py", line 280, in _check_arguments
    raise ValueError("Model is multi-speaker but no `speaker` is provided.")
ValueError: Model is multi-speaker but no `speaker` is provided.
2025-05-22 14:57:32,039 - werkzeug - INFO - 127.0.0.1 - - [22/May/2025 14:57:32] "POST /setup HTTP/1.1" 200 -
2025-05-22 14:57:51,837 - TTS.utils.manage - INFO - tts_models/multilingual/multi-dataset/xtts_v2 is already downloaded.
2025-05-22 14:57:53,028 - TTS.tts.models - INFO - Using model: xtts
2025-05-22 14:58:31,778 - ttsKOKORO - INFO - Cleaned up 0 old audio files
2025-05-22 14:58:31,881 - werkzeug - INFO - 127.0.0.1 - - [22/May/2025 14:58:31] "POST /cleanup HTTP/1.1" 200 -
2025-05-22 14:59:35,419 - ttsKOKORO - INFO - Cleaned up 0 old audio files
2025-05-22 14:59:36,357 - werkzeug - INFO - 127.0.0.1 - - [22/May/2025 14:59:36] "POST /cleanup HTTP/1.1" 200 -
2025-05-22 14:59:57,399 - ttsKOKORO - ERROR - Error generating speech with Coqui TTS: Model is multi-speaker but no `speaker` is provided.
Traceback (most recent call last):
  File "c:\Users\Mustafa\Desktop\The test area\TTS2\ttsKOKORO.py", line 618, in generate_speech_coqui
    tts.tts_to_file(
  File "C:\Users\Mustafa\Desktop\The test area\TTS2\.venv\lib\site-packages\TTS\api.py", line 372, in tts_to_file
    self._check_arguments(speaker=speaker, language=language, speaker_wav=speaker_wav, **kwargs)
  File "C:\Users\Mustafa\Desktop\The test area\TTS2\.venv\lib\site-packages\TTS\api.py", line 280, in _check_arguments
    raise ValueError("Model is multi-speaker but no `speaker` is provided.")
ValueError: Model is multi-speaker but no `speaker` is provided.
2025-05-22 14:59:57,985 - werkzeug - INFO - 127.0.0.1 - - [22/May/2025 14:59:57] "POST /generate_speech HTTP/1.1" 200 -
2025-05-22 15:00:30,521 - ttsKOKORO - INFO - Cleaned up 0 old audio files
2025-05-22 15:00:30,521 - werkzeug - INFO - 127.0.0.1 - - [22/May/2025 15:00:30] "POST /cleanup HTTP/1.1" 200 -
2025-05-22 15:01:30,459 - ttsKOKORO - INFO - Cleaned up 0 old audio files
2025-05-22 15:01:30,462 - werkzeug - INFO - 127.0.0.1 - - [22/May/2025 15:01:30] "POST /cleanup HTTP/1.1" 200 -
2025-05-22 15:01:47,448 - ttsKOKORO - INFO - Updating settings: voice=coqui:tts_models/en/ek1/tacotron2, speed=1.0
2025-05-22 15:01:47,451 - werkzeug - INFO - 127.0.0.1 - - [22/May/2025 15:01:47] "POST /update_settings HTTP/1.1" 200 -
2025-05-22 15:01:49,212 - ttsKOKORO - INFO - Setting up with voice: coqui:tts_models/en/ek1/tacotron2, speed: 1.0
2025-05-22 15:01:49,313 - TTS.utils.manage - INFO - Downloading model to C:\Users\Mustafa\AppData\Local\tts\tts_models--en--ek1--tacotron2
2025-05-22 15:02:30,646 - ttsKOKORO - INFO - Cleaned up 0 old audio files
2025-05-22 15:02:30,647 - werkzeug - INFO - 127.0.0.1 - - [22/May/2025 15:02:30] "POST /cleanup HTTP/1.1" 200 -
2025-05-22 15:02:31,300 - ttsKOKORO - ERROR - Error generating speech with Coqui TTS: [WinError 233] No process is on the other end of the pipe
Traceback (most recent call last):
  File "c:\Users\Mustafa\Desktop\The test area\TTS2\ttsKOKORO.py", line 581, in generate_speech_coqui
    tts = TTS(model_name)
  File "C:\Users\Mustafa\Desktop\The test area\TTS2\.venv\lib\site-packages\TTS\api.py", line 95, in __init__
    self.load_tts_model_by_name(model_name, vocoder_name, gpu=gpu)
  File "C:\Users\Mustafa\Desktop\The test area\TTS2\.venv\lib\site-packages\TTS\api.py", line 227, in load_tts_model_by_name
    model_path, config_path, vocoder_path, vocoder_config_path, model_dir = self.download_model_by_name(
  File "C:\Users\Mustafa\Desktop\The test area\TTS2\.venv\lib\site-packages\TTS\api.py", line 160, in download_model_by_name
    model_path, config_path, model_item = self.manager.download_model(model_name)
  File "C:\Users\Mustafa\Desktop\The test area\TTS2\.venv\lib\site-packages\TTS\utils\manage.py", line 432, in download_model
    self.create_dir_and_download_model(model_name, model_item, output_path)
  File "C:\Users\Mustafa\Desktop\The test area\TTS2\.venv\lib\site-packages\TTS\utils\manage.py", line 363, in create_dir_and_download_model
    self._download_github_model(model_item, output_path)
  File "C:\Users\Mustafa\Desktop\The test area\TTS2\.venv\lib\site-packages\TTS\utils\manage.py", line 250, in _download_github_model
    self._download_zip_file(model_item["github_rls_url"], output_path, self.progress_bar)
  File "C:\Users\Mustafa\Desktop\The test area\TTS2\.venv\lib\site-packages\TTS\utils\manage.py", line 568, in _download_zip_file
    ModelManager.tqdm_progress.update(len(data))
  File "C:\Users\Mustafa\Desktop\The test area\TTS2\.venv\lib\site-packages\tqdm\std.py", line 1242, in update
    self.refresh(lock_args=self.lock_args)
  File "C:\Users\Mustafa\Desktop\The test area\TTS2\.venv\lib\site-packages\tqdm\std.py", line 1347, in refresh
    self.display()
  File "C:\Users\Mustafa\Desktop\The test area\TTS2\.venv\lib\site-packages\tqdm\std.py", line 1494, in display
    self.moveto(pos)
  File "C:\Users\Mustafa\Desktop\The test area\TTS2\.venv\lib\site-packages\tqdm\std.py", line 1443, in moveto
    self.fp.write('\n' * n + _term_move_up() * -n)
  File "C:\Users\Mustafa\Desktop\The test area\TTS2\.venv\lib\site-packages\tqdm\utils.py", line 196, in inner
    return func(*args, **kwargs)
OSError: [WinError 233] No process is on the other end of the pipe
2025-05-22 15:02:31,461 - werkzeug - INFO - 127.0.0.1 - - [22/May/2025 15:02:31] "POST /setup HTTP/1.1" 200 -
2025-05-22 15:03:30,871 - ttsKOKORO - INFO - Cleaned up 0 old audio files
2025-05-22 15:03:30,887 - werkzeug - INFO - 127.0.0.1 - - [22/May/2025 15:03:30] "POST /cleanup HTTP/1.1" 200 -
2025-05-22 15:04:34,374 - werkzeug - INFO -  * Detected change in 'c:\\Users\\Mustafa\\Desktop\\The test area\\TTS2\\ttsKOKORO.py', reloading
